<?xml version="1.0" encoding="UTF-8"?>
<testsuite xmlns:xsi="http://www.w3.org/2001/XMLSchema-instance" xsi:noNamespaceSchemaLocation="https://maven.apache.org/surefire/maven-surefire-plugin/xsd/surefire-test-report-3.0.xsd" version="3.0" name="org.openapitools.client.model.ModelSpecificationTest" time="0.004" tests="4" errors="0" skipped="0" failures="0">
  <properties>
    <property name="gopherProxySet" value="false"/>
    <property name="awt.toolkit" value="sun.lwawt.macosx.LWCToolkit"/>
    <property name="file.encoding.pkg" value="sun.io"/>
    <property name="java.specification.version" value="1.8"/>
    <property name="sun.cpu.isalist" value=""/>
    <property name="sun.jnu.encoding" value="UTF-8"/>
    <property name="java.class.path" value="/Users/pierrefeillet/Projects/decisions-on-ml/sdk/java/target/test-classes:/Users/pierrefeillet/Projects/decisions-on-ml/sdk/java/target/classes:/Users/pierrefeillet/.m2/repository/io/swagger/swagger-annotations/1.5.22/swagger-annotations-1.5.22.jar:/Users/pierrefeillet/.m2/repository/com/google/code/findbugs/jsr305/3.0.2/jsr305-3.0.2.jar:/Users/pierrefeillet/.m2/repository/com/squareup/okhttp3/okhttp/3.14.2/okhttp-3.14.2.jar:/Users/pierrefeillet/.m2/repository/com/squareup/okio/okio/1.17.2/okio-1.17.2.jar:/Users/pierrefeillet/.m2/repository/com/squareup/okhttp3/logging-interceptor/3.14.2/logging-interceptor-3.14.2.jar:/Users/pierrefeillet/.m2/repository/com/google/code/gson/gson/2.8.5/gson-2.8.5.jar:/Users/pierrefeillet/.m2/repository/io/gsonfire/gson-fire/1.8.3/gson-fire-1.8.3.jar:/Users/pierrefeillet/.m2/repository/org/apache/commons/commons-lang3/3.9/commons-lang3-3.9.jar:/Users/pierrefeillet/.m2/repository/org/threeten/threetenbp/1.4.0/threetenbp-1.4.0.jar:/Users/pierrefeillet/.m2/repository/javax/annotation/jsr250-api/1.0/jsr250-api-1.0.jar:/Users/pierrefeillet/.m2/repository/junit/junit/4.13/junit-4.13.jar:/Users/pierrefeillet/.m2/repository/org/hamcrest/hamcrest-core/1.3/hamcrest-core-1.3.jar:"/>
    <property name="java.vm.vendor" value="Oracle Corporation"/>
    <property name="sun.arch.data.model" value="64"/>
    <property name="java.vendor.url" value="http://java.oracle.com/"/>
    <property name="user.timezone" value=""/>
    <property name="java.vm.specification.version" value="1.8"/>
    <property name="os.name" value="Mac OS X"/>
    <property name="user.country" value="US"/>
    <property name="sun.java.launcher" value="SUN_STANDARD"/>
    <property name="sun.boot.library.path" value="/Library/Java/JavaVirtualMachines/jdk1.8.0_151.jdk/Contents/Home/jre/lib"/>
    <property name="sun.java.command" value="/Users/pierrefeillet/Projects/decisions-on-ml/sdk/java/target/surefire/surefirebooter2952006101090557058.jar /Users/pierrefeillet/Projects/decisions-on-ml/sdk/java/target/surefire 2020-04-01T16-43-24_125-jvmRun1 surefire2892938507098032490tmp surefire_0618634060985434928tmp"/>
    <property name="surefire.test.class.path" value="/Users/pierrefeillet/Projects/decisions-on-ml/sdk/java/target/test-classes:/Users/pierrefeillet/Projects/decisions-on-ml/sdk/java/target/classes:/Users/pierrefeillet/.m2/repository/io/swagger/swagger-annotations/1.5.22/swagger-annotations-1.5.22.jar:/Users/pierrefeillet/.m2/repository/com/google/code/findbugs/jsr305/3.0.2/jsr305-3.0.2.jar:/Users/pierrefeillet/.m2/repository/com/squareup/okhttp3/okhttp/3.14.2/okhttp-3.14.2.jar:/Users/pierrefeillet/.m2/repository/com/squareup/okio/okio/1.17.2/okio-1.17.2.jar:/Users/pierrefeillet/.m2/repository/com/squareup/okhttp3/logging-interceptor/3.14.2/logging-interceptor-3.14.2.jar:/Users/pierrefeillet/.m2/repository/com/google/code/gson/gson/2.8.5/gson-2.8.5.jar:/Users/pierrefeillet/.m2/repository/io/gsonfire/gson-fire/1.8.3/gson-fire-1.8.3.jar:/Users/pierrefeillet/.m2/repository/org/apache/commons/commons-lang3/3.9/commons-lang3-3.9.jar:/Users/pierrefeillet/.m2/repository/org/threeten/threetenbp/1.4.0/threetenbp-1.4.0.jar:/Users/pierrefeillet/.m2/repository/javax/annotation/jsr250-api/1.0/jsr250-api-1.0.jar:/Users/pierrefeillet/.m2/repository/junit/junit/4.13/junit-4.13.jar:/Users/pierrefeillet/.m2/repository/org/hamcrest/hamcrest-core/1.3/hamcrest-core-1.3.jar:"/>
    <property name="sun.cpu.endian" value="little"/>
    <property name="user.home" value="/Users/pierrefeillet"/>
    <property name="user.language" value="en"/>
    <property name="java.specification.vendor" value="Oracle Corporation"/>
    <property name="java.home" value="/Library/Java/JavaVirtualMachines/jdk1.8.0_151.jdk/Contents/Home/jre"/>
    <property name="basedir" value="/Users/pierrefeillet/Projects/decisions-on-ml/sdk/java"/>
    <property name="file.separator" value="/"/>
    <property name="line.separator" value="&#10;"/>
    <property name="java.vm.specification.vendor" value="Oracle Corporation"/>
    <property name="java.specification.name" value="Java Platform API Specification"/>
    <property name="java.awt.graphicsenv" value="sun.awt.CGraphicsEnvironment"/>
    <property name="surefire.real.class.path" value="/Users/pierrefeillet/Projects/decisions-on-ml/sdk/java/target/surefire/surefirebooter2952006101090557058.jar"/>
    <property name="sun.boot.class.path" value="/Library/Java/JavaVirtualMachines/jdk1.8.0_151.jdk/Contents/Home/jre/lib/resources.jar:/Library/Java/JavaVirtualMachines/jdk1.8.0_151.jdk/Contents/Home/jre/lib/rt.jar:/Library/Java/JavaVirtualMachines/jdk1.8.0_151.jdk/Contents/Home/jre/lib/sunrsasign.jar:/Library/Java/JavaVirtualMachines/jdk1.8.0_151.jdk/Contents/Home/jre/lib/jsse.jar:/Library/Java/JavaVirtualMachines/jdk1.8.0_151.jdk/Contents/Home/jre/lib/jce.jar:/Library/Java/JavaVirtualMachines/jdk1.8.0_151.jdk/Contents/Home/jre/lib/charsets.jar:/Library/Java/JavaVirtualMachines/jdk1.8.0_151.jdk/Contents/Home/jre/lib/jfr.jar:/Library/Java/JavaVirtualMachines/jdk1.8.0_151.jdk/Contents/Home/jre/classes"/>
    <property name="sun.management.compiler" value="HotSpot 64-Bit Tiered Compilers"/>
    <property name="java.runtime.version" value="1.8.0_151-b12"/>
    <property name="user.name" value="pierrefeillet"/>
    <property name="path.separator" value=":"/>
    <property name="os.version" value="10.15.3"/>
    <property name="java.endorsed.dirs" value="/Library/Java/JavaVirtualMachines/jdk1.8.0_151.jdk/Contents/Home/jre/lib/endorsed"/>
    <property name="java.runtime.name" value="Java(TM) SE Runtime Environment"/>
    <property name="file.encoding" value="UTF-8"/>
    <property name="java.vm.name" value="Java HotSpot(TM) 64-Bit Server VM"/>
    <property name="localRepository" value="/Users/pierrefeillet/.m2/repository"/>
    <property name="java.vendor.url.bug" value="http://bugreport.sun.com/bugreport/"/>
    <property name="java.io.tmpdir" value="/var/folders/y8/7c43z5ps20v5jn8xh3vpr3b40000gn/T/"/>
    <property name="java.version" value="1.8.0_151"/>
    <property name="user.dir" value="/Users/pierrefeillet/Projects/decisions-on-ml/sdk/java"/>
    <property name="os.arch" value="x86_64"/>
    <property name="java.vm.specification.name" value="Java Virtual Machine Specification"/>
    <property name="java.awt.printerjob" value="sun.lwawt.macosx.CPrinterJob"/>
    <property name="sun.os.patch.level" value="unknown"/>
    <property name="java.library.path" value="/Users/pierrefeillet/Library/Java/Extensions:/Library/Java/Extensions:/Network/Library/Java/Extensions:/System/Library/Java/Extensions:/usr/lib/java:."/>
    <property name="java.vm.info" value="mixed mode"/>
    <property name="java.vendor" value="Oracle Corporation"/>
    <property name="java.vm.version" value="25.151-b12"/>
    <property name="java.ext.dirs" value="/Users/pierrefeillet/Library/Java/Extensions:/Library/Java/JavaVirtualMachines/jdk1.8.0_151.jdk/Contents/Home/jre/lib/ext:/Library/Java/Extensions:/Network/Library/Java/Extensions:/System/Library/Java/Extensions:/usr/lib/java"/>
    <property name="sun.io.unicode.encoding" value="UnicodeBig"/>
    <property name="java.class.version" value="52.0"/>
    <property name="loggerPath" value="conf/log4j.properties"/>
  </properties>
  <testcase name="testModelSpecification" classname="org.openapitools.client.model.ModelSpecificationTest" time="0.004"/>
  <testcase name="nameTest" classname="org.openapitools.client.model.ModelSpecificationTest" time="0"/>
  <testcase name="versionTest" classname="org.openapitools.client.model.ModelSpecificationTest" time="0"/>
  <testcase name="formatTest" classname="org.openapitools.client.model.ModelSpecificationTest" time="0"/>
</testsuite>